2020-03-29 17:09:59.919 [JavaFX Application Thread] INFO  c.p.controller.ProjectController.onActionBtnSzukaj(232) - Projekt nr 1 (po nazwie): aa
2020-03-29 17:10:29.242 [JavaFX Application Thread] INFO  c.p.controller.ProjectController.onActionBtnSzukaj(232) - Projekt nr 1 (po nazwie): aa
2020-03-29 17:10:36.183 [JavaFX Application Thread] INFO  c.p.controller.ProjectController.onActionBtnSzukaj(232) - Projekt nr 1 (po nazwie): bb
2020-03-29 17:10:58.419 [JavaFX Application Thread] INFO  c.p.controller.ProjectController.onActionBtnSzukaj(232) - Projekt nr 1 (po nazwie): aa
2020-03-29 17:11:01.538 [JavaFX Application Thread] INFO  c.p.controller.ProjectController.onActionBtnSzukaj(232) - Projekt nr 1 (po nazwie): bb
2020-03-29 17:38:50.179 [JavaFX Application Thread] INFO  c.p.controller.ProjectController.onActionBtnDalej(246) - 1
2020-03-29 17:38:52.425 [JavaFX Application Thread] INFO  c.p.controller.ProjectController.onActionBtnDalej(246) - 1
2020-03-29 17:38:56.118 [JavaFX Application Thread] INFO  c.p.controller.ProjectController.onActionBtnDalej(246) - 1
2020-03-29 17:38:56.280 [JavaFX Application Thread] INFO  c.p.controller.ProjectController.onActionBtnDalej(246) - 1
2020-03-29 17:38:56.450 [JavaFX Application Thread] INFO  c.p.controller.ProjectController.onActionBtnDalej(246) - 1
2020-03-29 17:38:56.631 [JavaFX Application Thread] INFO  c.p.controller.ProjectController.onActionBtnDalej(246) - 1
2020-03-29 17:38:56.791 [JavaFX Application Thread] INFO  c.p.controller.ProjectController.onActionBtnDalej(246) - 1
2020-03-29 17:38:56.961 [JavaFX Application Thread] INFO  c.p.controller.ProjectController.onActionBtnDalej(246) - 1
2020-03-29 17:38:57.135 [JavaFX Application Thread] INFO  c.p.controller.ProjectController.onActionBtnDalej(246) - 1
2020-03-29 17:38:57.285 [JavaFX Application Thread] INFO  c.p.controller.ProjectController.onActionBtnDalej(246) - 1
2020-03-29 17:38:57.462 [JavaFX Application Thread] INFO  c.p.controller.ProjectController.onActionBtnDalej(246) - 1
2020-03-29 17:38:57.618 [JavaFX Application Thread] INFO  c.p.controller.ProjectController.onActionBtnDalej(246) - 1
2020-03-29 17:40:00.874 [JavaFX Application Thread] INFO  c.p.controller.ProjectController.onActionBtnDalej(246) - 10
2020-03-29 17:40:02.529 [JavaFX Application Thread] INFO  c.p.controller.ProjectController.onActionBtnDalej(246) - 1
2020-03-29 17:40:03.842 [JavaFX Application Thread] INFO  c.p.controller.ProjectController.onActionBtnDalej(246) - 0
2020-03-29 17:40:04.776 [JavaFX Application Thread] INFO  c.p.controller.ProjectController.onActionBtnDalej(246) - 0
2020-03-29 17:40:05.503 [JavaFX Application Thread] INFO  c.p.controller.ProjectController.onActionBtnDalej(246) - 0
2020-03-29 17:40:06.743 [JavaFX Application Thread] INFO  c.p.controller.ProjectController.onActionBtnDalej(246) - 0
2020-03-29 17:40:07.342 [JavaFX Application Thread] INFO  c.p.controller.ProjectController.onActionBtnDalej(246) - 0
2020-03-29 17:40:10.675 [JavaFX Application Thread] INFO  c.p.controller.ProjectController.onActionBtnDalej(246) - 10
2020-03-29 17:40:10.829 [JavaFX Application Thread] INFO  c.p.controller.ProjectController.onActionBtnDalej(246) - 1
2020-03-29 17:40:10.995 [JavaFX Application Thread] INFO  c.p.controller.ProjectController.onActionBtnDalej(246) - 0
2020-03-29 17:40:11.158 [JavaFX Application Thread] INFO  c.p.controller.ProjectController.onActionBtnDalej(246) - 0
2020-03-29 17:40:11.318 [JavaFX Application Thread] INFO  c.p.controller.ProjectController.onActionBtnDalej(246) - 0
2020-03-29 17:40:11.481 [JavaFX Application Thread] INFO  c.p.controller.ProjectController.onActionBtnDalej(246) - 0
2020-03-29 17:40:11.649 [JavaFX Application Thread] INFO  c.p.controller.ProjectController.onActionBtnDalej(246) - 0
2020-03-29 17:40:11.809 [JavaFX Application Thread] INFO  c.p.controller.ProjectController.onActionBtnDalej(246) - 0
2020-03-29 17:40:11.971 [JavaFX Application Thread] INFO  c.p.controller.ProjectController.onActionBtnDalej(246) - 0
2020-03-29 17:40:12.144 [JavaFX Application Thread] INFO  c.p.controller.ProjectController.onActionBtnDalej(246) - 0
2020-03-29 17:40:12.311 [JavaFX Application Thread] INFO  c.p.controller.ProjectController.onActionBtnDalej(246) - 0
2020-03-29 17:40:12.495 [JavaFX Application Thread] INFO  c.p.controller.ProjectController.onActionBtnDalej(246) - 0
2020-03-29 17:40:12.669 [JavaFX Application Thread] INFO  c.p.controller.ProjectController.onActionBtnDalej(246) - 0
2020-03-29 17:40:12.836 [JavaFX Application Thread] INFO  c.p.controller.ProjectController.onActionBtnDalej(246) - 0
2020-03-29 17:40:13.005 [JavaFX Application Thread] INFO  c.p.controller.ProjectController.onActionBtnDalej(246) - 0
2020-03-29 17:40:13.148 [JavaFX Application Thread] INFO  c.p.controller.ProjectController.onActionBtnDalej(246) - 0
2020-03-29 17:41:10.545 [JavaFX Application Thread] INFO  c.p.controller.ProjectController.onActionBtnDalej(246) - 10
2020-03-29 17:41:12.303 [JavaFX Application Thread] INFO  c.p.controller.ProjectController.onActionBtnDalej(246) - 1
2020-03-29 17:41:13.315 [JavaFX Application Thread] INFO  c.p.controller.ProjectController.onActionBtnDalej(246) - 0
2020-03-29 17:41:14.296 [JavaFX Application Thread] INFO  c.p.controller.ProjectController.onActionBtnDalej(246) - 0
2020-03-29 17:41:30.021 [JavaFX Application Thread] INFO  c.p.controller.ProjectController.onActionBtnDalej(246) - 11
2020-03-29 17:41:31.139 [JavaFX Application Thread] INFO  c.p.controller.ProjectController.onActionBtnDalej(246) - 11
2020-03-29 17:41:32.131 [JavaFX Application Thread] INFO  c.p.controller.ProjectController.onActionBtnDalej(246) - 11
2020-03-29 17:41:32.737 [JavaFX Application Thread] INFO  c.p.controller.ProjectController.onActionBtnDalej(246) - 11
2020-03-29 17:41:33.160 [JavaFX Application Thread] INFO  c.p.controller.ProjectController.onActionBtnDalej(246) - 11
2020-03-29 17:41:33.355 [JavaFX Application Thread] INFO  c.p.controller.ProjectController.onActionBtnDalej(246) - 11
2020-03-29 17:41:33.529 [JavaFX Application Thread] INFO  c.p.controller.ProjectController.onActionBtnDalej(246) - 11
2020-03-29 17:41:33.704 [JavaFX Application Thread] INFO  c.p.controller.ProjectController.onActionBtnDalej(246) - 11
2020-03-29 17:41:33.860 [JavaFX Application Thread] INFO  c.p.controller.ProjectController.onActionBtnDalej(246) - 11
2020-03-29 17:41:54.818 [JavaFX Application Thread] INFO  c.p.controller.ProjectController.onActionBtnDalej(246) - 1
2020-03-29 17:41:56.271 [JavaFX Application Thread] INFO  c.p.controller.ProjectController.onActionBtnDalej(246) - 1
2020-03-29 17:41:56.948 [JavaFX Application Thread] INFO  c.p.controller.ProjectController.onActionBtnDalej(246) - 1
2020-03-29 17:42:17.517 [JavaFX Application Thread] INFO  c.p.controller.ProjectController.onActionBtnDalej(246) - 1
2020-03-29 17:42:18.481 [JavaFX Application Thread] INFO  c.p.controller.ProjectController.onActionBtnDalej(246) - 1
2020-03-29 17:42:19.073 [JavaFX Application Thread] INFO  c.p.controller.ProjectController.onActionBtnDalej(246) - 1
2020-03-29 17:42:41.233 [JavaFX Application Thread] INFO  c.p.controller.ProjectController.onActionBtnDalej(246) - 1.1
2020-03-29 17:42:42.396 [JavaFX Application Thread] INFO  c.p.controller.ProjectController.onActionBtnDalej(246) - 1.1
2020-03-29 17:43:00.876 [JavaFX Application Thread] INFO  c.p.controller.ProjectController.onActionBtnDalej(246) - 2.0
2020-03-29 17:43:02.437 [JavaFX Application Thread] INFO  c.p.controller.ProjectController.onActionBtnDalej(246) - 2.0
2020-03-29 17:43:03.035 [JavaFX Application Thread] INFO  c.p.controller.ProjectController.onActionBtnDalej(246) - 2.0
2020-03-29 17:43:03.421 [JavaFX Application Thread] INFO  c.p.controller.ProjectController.onActionBtnDalej(246) - 2.0
2020-03-29 17:43:03.669 [JavaFX Application Thread] INFO  c.p.controller.ProjectController.onActionBtnDalej(246) - 2.0
2020-03-29 17:43:03.884 [JavaFX Application Thread] INFO  c.p.controller.ProjectController.onActionBtnDalej(246) - 2.0
2020-03-29 17:43:04.080 [JavaFX Application Thread] INFO  c.p.controller.ProjectController.onActionBtnDalej(246) - 2.0
2020-03-29 17:43:20.775 [JavaFX Application Thread] INFO  c.p.controller.ProjectController.onActionBtnDalej(246) - 2
2020-03-29 17:43:21.484 [JavaFX Application Thread] INFO  c.p.controller.ProjectController.onActionBtnDalej(246) - 2
2020-03-29 17:43:21.989 [JavaFX Application Thread] INFO  c.p.controller.ProjectController.onActionBtnDalej(246) - 2
2020-03-29 17:44:09.016 [JavaFX Application Thread] INFO  c.p.controller.ProjectController.onActionBtnDalej(246) - 0vvv2
2020-03-29 17:44:13.197 [JavaFX Application Thread] INFO  c.p.controller.ProjectController.onActionBtnDalej(246) - 1vvv2
2020-03-29 17:44:14.921 [JavaFX Application Thread] INFO  c.p.controller.ProjectController.onActionBtnDalej(246) - 2vvv2
2020-03-29 17:44:30.274 [JavaFX Application Thread] INFO  c.p.controller.ProjectController.onActionBtnDalej(246) - 0vvv2
2020-03-29 17:44:30.894 [JavaFX Application Thread] INFO  c.p.controller.ProjectController.onActionBtnDalej(246) - 1vvv2
2020-03-29 17:44:31.320 [JavaFX Application Thread] INFO  c.p.controller.ProjectController.onActionBtnDalej(246) - 1vvv2
2020-03-29 17:44:31.474 [JavaFX Application Thread] INFO  c.p.controller.ProjectController.onActionBtnDalej(246) - 1vvv2
2020-03-29 17:44:31.628 [JavaFX Application Thread] INFO  c.p.controller.ProjectController.onActionBtnDalej(246) - 1vvv2
2020-03-29 17:44:33.487 [JavaFX Application Thread] INFO  c.p.controller.ProjectController.onActionBtnDalej(246) - 0vvv2
2020-03-29 17:44:33.657 [JavaFX Application Thread] INFO  c.p.controller.ProjectController.onActionBtnDalej(246) - 1vvv2
2020-03-29 17:44:33.842 [JavaFX Application Thread] INFO  c.p.controller.ProjectController.onActionBtnDalej(246) - 1vvv2
2020-03-29 17:44:34.009 [JavaFX Application Thread] INFO  c.p.controller.ProjectController.onActionBtnDalej(246) - 1vvv2
2020-03-29 17:44:34.201 [JavaFX Application Thread] INFO  c.p.controller.ProjectController.onActionBtnDalej(246) - 1vvv2
2020-03-29 17:44:34.375 [JavaFX Application Thread] INFO  c.p.controller.ProjectController.onActionBtnDalej(246) - 1vvv2
2020-03-29 17:44:36.065 [JavaFX Application Thread] INFO  c.p.controller.ProjectController.onActionBtnDalej(246) - 0vvv2
2020-03-29 17:44:36.701 [JavaFX Application Thread] INFO  c.p.controller.ProjectController.onActionBtnDalej(246) - 1vvv2
2020-03-29 17:44:40.908 [JavaFX Application Thread] INFO  c.p.controller.ProjectController.onActionBtnDalej(246) - 0vvv1
2020-03-29 17:44:41.293 [JavaFX Application Thread] INFO  c.p.controller.ProjectController.onActionBtnDalej(246) - 0vvv1
2020-03-29 17:44:41.469 [JavaFX Application Thread] INFO  c.p.controller.ProjectController.onActionBtnDalej(246) - 0vvv1
2020-03-29 17:44:41.649 [JavaFX Application Thread] INFO  c.p.controller.ProjectController.onActionBtnDalej(246) - 0vvv1
2020-03-29 17:44:41.803 [JavaFX Application Thread] INFO  c.p.controller.ProjectController.onActionBtnDalej(246) - 0vvv1
2020-03-29 17:44:41.966 [JavaFX Application Thread] INFO  c.p.controller.ProjectController.onActionBtnDalej(246) - 0vvv1
2020-03-29 17:44:42.137 [JavaFX Application Thread] INFO  c.p.controller.ProjectController.onActionBtnDalej(246) - 0vvv1
2020-03-29 17:44:42.303 [JavaFX Application Thread] INFO  c.p.controller.ProjectController.onActionBtnDalej(246) - 0vvv1
2020-03-29 17:44:42.689 [JavaFX Application Thread] INFO  c.p.controller.ProjectController.onActionBtnDalej(246) - 0vvv1
2020-03-29 17:44:42.910 [JavaFX Application Thread] INFO  c.p.controller.ProjectController.onActionBtnDalej(246) - 0vvv1
